
      ----------------
      Error, missing "<scully-content>" in route "/blog/2021-02-20-blog"
      without <scully-content> we can not render this route.
      Make sure it is in there, and not inside any conditionals (*ngIf)
      You can check this by opening "http://localhost:4200/blog/2021-02-20-blog"
      when you serve your app with ng serve and then in the browsers console run:
      document.querySelector('scully-content')
      ----------------
      

      ----------------
      Error, missing "<scully-content>" in route "/blog/my-first-post"
      without <scully-content> we can not render this route.
      Make sure it is in there, and not inside any conditionals (*ngIf)
      You can check this by opening "http://localhost:4200/blog/my-first-post"
      when you serve your app with ng serve and then in the browsers console run:
      document.querySelector('scully-content')
      ----------------
      

      ----------------
      Error, missing "<scully-content>" in route "/blog/___UNPUBLISHED___klfiauqx_2Qj1ogIi6WaG7Tq23LmOE1BFsqsSjwOI"
      without <scully-content> we can not render this route.
      Make sure it is in there, and not inside any conditionals (*ngIf)
      You can check this by opening "http://localhost:4200/blog/___UNPUBLISHED___klfiauqx_2Qj1ogIi6WaG7Tq23LmOE1BFsqsSjwOI"
      when you serve your app with ng serve and then in the browsers console run:
      document.querySelector('scully-content')
      ----------------
      
      ----------------
      Error, missing "<scully-content>" in route "/blog/my-scond-post"
      without <scully-content> we can not render this route.
      Make sure it is in there, and not inside any conditionals (*ngIf)
      You can check this by opening "http://localhost:4200/blog/my-scond-post"
      when you serve your app with ng serve and then in the browsers console run:
      document.querySelector('scully-content')
      ----------------
      

